<?xml version="1.0" encoding="UTF-8"?>
<testsuite xmlns:xsi="http://www.w3.org/2001/XMLSchema-instance" xsi:noNamespaceSchemaLocation="https://maven.apache.org/surefire/maven-surefire-plugin/xsd/surefire-test-report-3.0.xsd" version="3.0" name="TestSuite" time="3.937" tests="3" errors="0" skipped="0" failures="0">
  <properties>
    <property name="java.specification.version" value="15"/>
    <property name="sun.cpu.isalist" value="amd64"/>
    <property name="sun.jnu.encoding" value="Cp1252"/>
    <property name="java.class.path" value="C:\Users\Bablu\Mahesh\Maheshbabu\target\test-classes;C:\Users\Bablu\Mahesh\Maheshbabu\target\classes;C:\Users\Bablu\.m2\repository\org\seleniumhq\selenium\selenium-java\3.10.0\selenium-java-3.10.0.jar;C:\Users\Bablu\.m2\repository\org\seleniumhq\selenium\selenium-api\3.10.0\selenium-api-3.10.0.jar;C:\Users\Bablu\.m2\repository\org\seleniumhq\selenium\selenium-chrome-driver\3.10.0\selenium-chrome-driver-3.10.0.jar;C:\Users\Bablu\.m2\repository\org\seleniumhq\selenium\selenium-edge-driver\3.10.0\selenium-edge-driver-3.10.0.jar;C:\Users\Bablu\.m2\repository\org\seleniumhq\selenium\selenium-firefox-driver\3.10.0\selenium-firefox-driver-3.10.0.jar;C:\Users\Bablu\.m2\repository\org\seleniumhq\selenium\selenium-ie-driver\3.10.0\selenium-ie-driver-3.10.0.jar;C:\Users\Bablu\.m2\repository\org\seleniumhq\selenium\selenium-opera-driver\3.10.0\selenium-opera-driver-3.10.0.jar;C:\Users\Bablu\.m2\repository\org\seleniumhq\selenium\selenium-remote-driver\3.10.0\selenium-remote-driver-3.10.0.jar;C:\Users\Bablu\.m2\repository\org\seleniumhq\selenium\selenium-safari-driver\3.10.0\selenium-safari-driver-3.10.0.jar;C:\Users\Bablu\.m2\repository\org\seleniumhq\selenium\selenium-support\3.10.0\selenium-support-3.10.0.jar;C:\Users\Bablu\.m2\repository\net\bytebuddy\byte-buddy\1.7.9\byte-buddy-1.7.9.jar;C:\Users\Bablu\.m2\repository\org\apache\commons\commons-exec\1.3\commons-exec-1.3.jar;C:\Users\Bablu\.m2\repository\commons-codec\commons-codec\1.10\commons-codec-1.10.jar;C:\Users\Bablu\.m2\repository\commons-logging\commons-logging\1.2\commons-logging-1.2.jar;C:\Users\Bablu\.m2\repository\com\google\code\gson\gson\2.8.2\gson-2.8.2.jar;C:\Users\Bablu\.m2\repository\com\google\guava\guava\23.6-jre\guava-23.6-jre.jar;C:\Users\Bablu\.m2\repository\com\google\code\findbugs\jsr305\1.3.9\jsr305-1.3.9.jar;C:\Users\Bablu\.m2\repository\org\checkerframework\checker-compat-qual\2.0.0\checker-compat-qual-2.0.0.jar;C:\Users\Bablu\.m2\repository\com\google\errorprone\error_prone_annotations\2.1.3\error_prone_annotations-2.1.3.jar;C:\Users\Bablu\.m2\repository\com\google\j2objc\j2objc-annotations\1.1\j2objc-annotations-1.1.jar;C:\Users\Bablu\.m2\repository\org\codehaus\mojo\animal-sniffer-annotations\1.14\animal-sniffer-annotations-1.14.jar;C:\Users\Bablu\.m2\repository\org\apache\httpcomponents\httpclient\4.5.3\httpclient-4.5.3.jar;C:\Users\Bablu\.m2\repository\org\apache\httpcomponents\httpcore\4.4.6\httpcore-4.4.6.jar;C:\Users\Bablu\.m2\repository\com\squareup\okhttp3\okhttp\3.9.1\okhttp-3.9.1.jar;C:\Users\Bablu\.m2\repository\com\squareup\okio\okio\1.13.0\okio-1.13.0.jar;C:\Users\Bablu\.m2\repository\org\testng\testng\6.14.3\testng-6.14.3.jar;C:\Users\Bablu\.m2\repository\com\beust\jcommander\1.72\jcommander-1.72.jar;C:\Users\Bablu\.m2\repository\org\apache-extras\beanshell\bsh\2.0b6\bsh-2.0b6.jar;C:\Users\Bablu\.m2\repository\junit\junit\4.11\junit-4.11.jar;C:\Users\Bablu\.m2\repository\org\hamcrest\hamcrest-core\1.3\hamcrest-core-1.3.jar;"/>
    <property name="java.vm.vendor" value="Oracle Corporation"/>
    <property name="sun.arch.data.model" value="64"/>
    <property name="user.variant" value=""/>
    <property name="java.vendor.url" value="https://java.oracle.com/"/>
    <property name="user.timezone" value="Africa/Johannesburg"/>
    <property name="os.name" value="Windows 10"/>
    <property name="java.vm.specification.version" value="15"/>
    <property name="sun.java.launcher" value="SUN_STANDARD"/>
    <property name="user.country" value="US"/>
    <property name="sun.boot.library.path" value="C:\Program Files\Java\jdk-15.0.1\bin"/>
    <property name="sun.java.command" value="C:\Users\Bablu\AppData\Local\Temp\surefire3373024096654327889\surefirebooter8934885620981477574.jar C:\Users\Bablu\AppData\Local\Temp\surefire3373024096654327889 2021-01-20T18-03-20_449-jvmRun1 surefire2380276325299999827tmp surefire_010479659394915656955tmp"/>
    <property name="jdk.debug" value="release"/>
    <property name="surefire.test.class.path" value="C:\Users\Bablu\Mahesh\Maheshbabu\target\test-classes;C:\Users\Bablu\Mahesh\Maheshbabu\target\classes;C:\Users\Bablu\.m2\repository\org\seleniumhq\selenium\selenium-java\3.10.0\selenium-java-3.10.0.jar;C:\Users\Bablu\.m2\repository\org\seleniumhq\selenium\selenium-api\3.10.0\selenium-api-3.10.0.jar;C:\Users\Bablu\.m2\repository\org\seleniumhq\selenium\selenium-chrome-driver\3.10.0\selenium-chrome-driver-3.10.0.jar;C:\Users\Bablu\.m2\repository\org\seleniumhq\selenium\selenium-edge-driver\3.10.0\selenium-edge-driver-3.10.0.jar;C:\Users\Bablu\.m2\repository\org\seleniumhq\selenium\selenium-firefox-driver\3.10.0\selenium-firefox-driver-3.10.0.jar;C:\Users\Bablu\.m2\repository\org\seleniumhq\selenium\selenium-ie-driver\3.10.0\selenium-ie-driver-3.10.0.jar;C:\Users\Bablu\.m2\repository\org\seleniumhq\selenium\selenium-opera-driver\3.10.0\selenium-opera-driver-3.10.0.jar;C:\Users\Bablu\.m2\repository\org\seleniumhq\selenium\selenium-remote-driver\3.10.0\selenium-remote-driver-3.10.0.jar;C:\Users\Bablu\.m2\repository\org\seleniumhq\selenium\selenium-safari-driver\3.10.0\selenium-safari-driver-3.10.0.jar;C:\Users\Bablu\.m2\repository\org\seleniumhq\selenium\selenium-support\3.10.0\selenium-support-3.10.0.jar;C:\Users\Bablu\.m2\repository\net\bytebuddy\byte-buddy\1.7.9\byte-buddy-1.7.9.jar;C:\Users\Bablu\.m2\repository\org\apache\commons\commons-exec\1.3\commons-exec-1.3.jar;C:\Users\Bablu\.m2\repository\commons-codec\commons-codec\1.10\commons-codec-1.10.jar;C:\Users\Bablu\.m2\repository\commons-logging\commons-logging\1.2\commons-logging-1.2.jar;C:\Users\Bablu\.m2\repository\com\google\code\gson\gson\2.8.2\gson-2.8.2.jar;C:\Users\Bablu\.m2\repository\com\google\guava\guava\23.6-jre\guava-23.6-jre.jar;C:\Users\Bablu\.m2\repository\com\google\code\findbugs\jsr305\1.3.9\jsr305-1.3.9.jar;C:\Users\Bablu\.m2\repository\org\checkerframework\checker-compat-qual\2.0.0\checker-compat-qual-2.0.0.jar;C:\Users\Bablu\.m2\repository\com\google\errorprone\error_prone_annotations\2.1.3\error_prone_annotations-2.1.3.jar;C:\Users\Bablu\.m2\repository\com\google\j2objc\j2objc-annotations\1.1\j2objc-annotations-1.1.jar;C:\Users\Bablu\.m2\repository\org\codehaus\mojo\animal-sniffer-annotations\1.14\animal-sniffer-annotations-1.14.jar;C:\Users\Bablu\.m2\repository\org\apache\httpcomponents\httpclient\4.5.3\httpclient-4.5.3.jar;C:\Users\Bablu\.m2\repository\org\apache\httpcomponents\httpcore\4.4.6\httpcore-4.4.6.jar;C:\Users\Bablu\.m2\repository\com\squareup\okhttp3\okhttp\3.9.1\okhttp-3.9.1.jar;C:\Users\Bablu\.m2\repository\com\squareup\okio\okio\1.13.0\okio-1.13.0.jar;C:\Users\Bablu\.m2\repository\org\testng\testng\6.14.3\testng-6.14.3.jar;C:\Users\Bablu\.m2\repository\com\beust\jcommander\1.72\jcommander-1.72.jar;C:\Users\Bablu\.m2\repository\org\apache-extras\beanshell\bsh\2.0b6\bsh-2.0b6.jar;C:\Users\Bablu\.m2\repository\junit\junit\4.11\junit-4.11.jar;C:\Users\Bablu\.m2\repository\org\hamcrest\hamcrest-core\1.3\hamcrest-core-1.3.jar;"/>
    <property name="sun.cpu.endian" value="little"/>
    <property name="user.home" value="C:\Users\Bablu"/>
    <property name="user.language" value="en"/>
    <property name="java.specification.vendor" value="Oracle Corporation"/>
    <property name="java.version.date" value="2020-10-20"/>
    <property name="java.home" value="C:\Program Files\Java\jdk-15.0.1"/>
    <property name="file.separator" value="\"/>
    <property name="basedir" value="C:\Users\Bablu\Mahesh\Maheshbabu"/>
    <property name="java.vm.compressedOopsMode" value="32-bit"/>
    <property name="line.separator" value="&#10;"/>
    <property name="java.vm.specification.vendor" value="Oracle Corporation"/>
    <property name="java.specification.name" value="Java Platform API Specification"/>
    <property name="surefire.real.class.path" value="C:\Users\Bablu\AppData\Local\Temp\surefire3373024096654327889\surefirebooter8934885620981477574.jar"/>
    <property name="user.script" value=""/>
    <property name="sun.management.compiler" value="HotSpot 64-Bit Tiered Compilers"/>
    <property name="java.runtime.version" value="15.0.1+9-18"/>
    <property name="user.name" value="Bablu"/>
    <property name="path.separator" value=";"/>
    <property name="os.version" value="10.0"/>
    <property name="java.runtime.name" value="Java(TM) SE Runtime Environment"/>
    <property name="file.encoding" value="Cp1252"/>
    <property name="java.vm.name" value="Java HotSpot(TM) 64-Bit Server VM"/>
    <property name="localRepository" value="C:\Users\Bablu\.m2\repository"/>
    <property name="java.vendor.url.bug" value="https://bugreport.java.com/bugreport/"/>
    <property name="java.io.tmpdir" value="C:\Users\Bablu\AppData\Local\Temp\"/>
    <property name="java.version" value="15.0.1"/>
    <property name="user.dir" value="C:\Users\Bablu\Mahesh\Maheshbabu"/>
    <property name="os.arch" value="amd64"/>
    <property name="java.vm.specification.name" value="Java Virtual Machine Specification"/>
    <property name="sun.os.patch.level" value=""/>
    <property name="java.library.path" value="C:\Program Files\Java\jdk-15.0.1\bin;C:\Windows\Sun\Java\bin;C:\Windows\system32;C:\Windows;C:\Program Files\Common Files\Oracle\Java\javapath;C:\Windows\system32;C:\Windows;C:\Windows\System32\Wbem;C:\Windows\System32\WindowsPowerShell\v1.0\;C:\Windows\System32\OpenSSH\;C:\Program Files\Git\cmd;C:\Program Files\Java\jdk-15.0.1\bin;C:\Softwares\apache-maven-3.6.3-bin\apache-maven-3.6.3\bin;C:\Users\Bablu\AppData\Local\Microsoft\WindowsApps;C:\Users\Bablu\AppData\Local\GitHubDesktop\bin;."/>
    <property name="java.vm.info" value="mixed mode, sharing"/>
    <property name="java.vendor" value="Oracle Corporation"/>
    <property name="java.vm.version" value="15.0.1+9-18"/>
    <property name="sun.io.unicode.encoding" value="UnicodeLittle"/>
    <property name="java.class.version" value="59.0"/>
  </properties>
  <testcase name="wife" classname="Kalluri.Maheshbabu.SrinivasaraoTest" time="0.003">
    <system-out><![CDATA[[TestNGContentHandler] [WARN] It is strongly recommended to add "<!DOCTYPE suite SYSTEM "http://testng.org/testng-1.0.dtd" >" at the top of your file, otherwise TestNG may fail or not work as expected.
Nirmala
]]></system-out>
  </testcase>
  <testcase name="wife" classname="Kalluri.Maheshbabu.NagarajuTest" time="0">
    <system-out><![CDATA[Aparna
]]></system-out>
  </testcase>
  <testcase name="son" classname="Kalluri.Maheshbabu.NagarajuTest" time="0.001">
    <system-out><![CDATA[Devansh
]]></system-out>
  </testcase>
</testsuite>