<?xml version="1.0" encoding="UTF-8"?>
<!-- Generated by org.testng.reporters.JUnitReportReporter -->
<testsuite hostname="DESKTOP-FSPHPC9" failures="0" tests="2" name="Kalluri.Maheshbabu.NagarajuTest" time="0.009" errors="0" timestamp="2021-01-20T12:13:10 SAST" skipped="0">
  <testcase classname="Kalluri.Maheshbabu.NagarajuTest" name="wife" time="0.006"/>
  <system-out/>
  <testcase classname="Kalluri.Maheshbabu.NagarajuTest" name="son" time="0.003"/>
  <system-out/>
</testsuite> <!-- Kalluri.Maheshbabu.NagarajuTest -->
