<?xml version="1.0" encoding="UTF-8"?>
<!-- Generated by org.testng.reporters.JUnitReportReporter -->
<testsuite hostname="DESKTOP-FSPHPC9" failures="0" tests="5" name="Kalluri.Maheshbabu.SrinivasaraoTest" time="0.046" errors="0" timestamp="2021-01-20T12:13:10 SAST" skipped="1">
  <testcase classname="Kalluri.Maheshbabu.SrinivasaraoTest" name="smallSon" time="0.032"/>
  <system-out/>
  <testcase classname="Kalluri.Maheshbabu.SrinivasaraoTest" name="son" time="0.001"/>
  <system-out/>
  <testcase classname="Kalluri.Maheshbabu.SrinivasaraoTest" name="wife" time="0.002"/>
  <system-out/>
  <testcase classname="Kalluri.Maheshbabu.SrinivasaraoTest" name="grandSon" time="0.011"/>
  <system-out/>
  <testcase classname="Kalluri.Maheshbabu.SrinivasaraoTest" name="secondSon">
    <skipped/>
  </testcase> <!-- secondSon -->
  <system-out/>
</testsuite> <!-- Kalluri.Maheshbabu.SrinivasaraoTest -->
