<?xml version="1.0" encoding="UTF-8"?>
<!-- Generated by org.testng.reporters.JUnitReportReporter -->
<testsuite hostname="DESKTOP-FSPHPC9" failures="0" tests="2" name="Kalluri.Maheshbabu.NagarajuTest" time="0.001" errors="0" timestamp="20 Jan 2021 16:03:26 GMT" skipped="0">
  <testcase classname="Kalluri.Maheshbabu.NagarajuTest" name="son" time="0.001"/>
  <testcase classname="Kalluri.Maheshbabu.NagarajuTest" name="wife" time="0.000"/>
</testsuite> <!-- Kalluri.Maheshbabu.NagarajuTest -->
