<?xml version="1.0" encoding="UTF-8"?>
<!-- Generated by org.testng.reporters.JUnitReportReporter -->
<testsuite hostname="DESKTOP-FSPHPC9" failures="0" tests="2" name="Kalluri.Maheshbabu.SrinivasaraoTest" time="0.014" errors="0" timestamp="20 Jan 2021 16:03:26 GMT" skipped="1">
  <testcase classname="Kalluri.Maheshbabu.SrinivasaraoTest" name="wife" time="0.014"/>
  <testcase classname="Kalluri.Maheshbabu.SrinivasaraoTest" name="secondSon">
    <skipped/>
  </testcase> <!-- secondSon -->
</testsuite> <!-- Kalluri.Maheshbabu.SrinivasaraoTest -->
